{
  "RSpec": {
    "coverage": {
      "/home/ubuntu/environment/colgate-connections/app/models/account.rb": {
        "lines": [
          1,
          1,
          1,
          1,
          null,
          null,
          null,
          1,
          null,
          null,
          1,
          1,
          null,
          null,
          null
        ]
      },
      "/home/ubuntu/environment/colgate-connections/app/models/application_record.rb": {
        "lines": [
          1,
          1,
          null
        ]
      },
      "/home/ubuntu/environment/colgate-connections/app/helpers/application_helper.rb": {
        "lines": [
          1,
          null
        ]
      },
      "/home/ubuntu/environment/colgate-connections/app/helpers/blockages_helper.rb": {
        "lines": [
          1,
          null
        ]
      },
      "/home/ubuntu/environment/colgate-connections/app/helpers/friend_request_helper.rb": {
        "lines": [
          1,
          null
        ]
      },
      "/home/ubuntu/environment/colgate-connections/app/helpers/settings_helper.rb": {
        "lines": [
          1,
          null
        ]
      },
      "/home/ubuntu/environment/colgate-connections/app/controllers/accounts_controller.rb": {
        "lines": [
          1,
          1,
          1,
          null,
          1,
          2,
          null,
          null,
          1,
          2,
          2,
          1,
          1,
          null,
          1,
          1,
          null,
          null,
          null,
          null,
          1,
          1,
          2,
          null,
          null
        ]
      },
      "/home/ubuntu/environment/colgate-connections/app/controllers/application_controller.rb": {
        "lines": [
          1,
          1,
          1,
          1,
          0,
          null,
          null,
          1,
          0,
          null,
          1,
          0,
          null,
          null,
          1,
          0,
          null,
          null,
          1,
          13,
          11,
          null,
          2,
          null,
          null,
          null,
          1,
          1,
          39,
          38,
          null,
          1,
          1,
          null,
          null,
          null,
          null,
          1,
          31,
          1,
          null,
          null,
          null
        ]
      },
      "/home/ubuntu/environment/colgate-connections/app/controllers/homes_controller.rb": {
        "lines": [
          1,
          1,
          1,
          1,
          null,
          null
        ]
      },
      "/home/ubuntu/environment/colgate-connections/app/models/blockage.rb": {
        "lines": [
          1,
          1,
          1,
          null
        ]
      },
      "/home/ubuntu/environment/colgate-connections/app/models/connection.rb": {
        "lines": [
          1,
          1,
          1,
          null,
          1,
          null,
          1,
          null,
          null,
          null
        ]
      },
      "/home/ubuntu/environment/colgate-connections/app/models/conversation.rb": {
        "lines": [
          1,
          1,
          1,
          null,
          1,
          1,
          1,
          2,
          null,
          null,
          null,
          null,
          null,
          1,
          3,
          null,
          null,
          1,
          1,
          null,
          null,
          1,
          2,
          2,
          null,
          null
        ]
      },
      "/home/ubuntu/environment/colgate-connections/app/models/friend_request.rb": {
        "lines": [
          1,
          1,
          1,
          null,
          1,
          null
        ]
      },
      "/home/ubuntu/environment/colgate-connections/app/models/message.rb": {
        "lines": [
          1,
          1,
          1,
          null,
          1,
          null,
          1,
          1,
          null,
          null
        ]
      },
      "/home/ubuntu/environment/colgate-connections/app/models/preference.rb": {
        "lines": [
          1,
          1,
          null
        ]
      },
      "/home/ubuntu/environment/colgate-connections/app/models/profile.rb": {
        "lines": [
          1,
          1,
          1,
          1,
          1,
          1,
          1,
          1,
          1,
          1,
          1,
          1,
          null,
          1,
          90,
          null,
          null,
          1,
          36,
          null,
          null,
          1,
          114,
          null,
          null,
          1,
          70,
          null,
          null,
          1,
          1,
          1,
          1,
          null,
          null,
          null,
          1,
          34,
          34,
          0,
          null,
          null,
          34,
          null,
          null,
          1,
          60,
          null,
          null,
          1,
          4,
          null,
          null,
          1,
          0,
          null,
          null,
          null,
          null,
          null,
          1,
          10,
          null,
          null,
          1,
          5,
          5,
          null,
          5,
          10,
          10,
          10,
          null,
          10,
          10,
          10,
          10,
          null,
          10,
          null,
          null,
          5,
          0,
          null,
          null,
          5,
          10,
          null,
          5,
          null,
          null,
          1,
          30,
          30,
          30,
          30,
          30,
          10,
          null,
          null,
          30,
          null,
          null,
          1,
          95,
          14,
          null,
          81,
          81,
          48,
          null,
          81,
          54,
          null,
          81,
          null,
          null,
          1,
          null,
          1,
          1,
          1,
          1,
          1,
          1,
          null
        ]
      },
      "/home/ubuntu/environment/colgate-connections/app/models/setting.rb": {
        "lines": [
          1,
          1,
          1,
          1,
          1,
          null,
          1,
          90,
          null,
          null,
          1,
          16,
          null,
          null
        ]
      },
      "/home/ubuntu/environment/colgate-connections/app/controllers/connections_controller.rb": {
        "lines": [
          1,
          1,
          1,
          null,
          1,
          5,
          5,
          5,
          null,
          5,
          5,
          5,
          2,
          null,
          null,
          2,
          1,
          null,
          null,
          null,
          null,
          null,
          null,
          null,
          2,
          1,
          1,
          0,
          0,
          1,
          0,
          0,
          1,
          1,
          null,
          null,
          null,
          null,
          null,
          null,
          null,
          null,
          1,
          1,
          1,
          1,
          1,
          1,
          null,
          null,
          null,
          null,
          null,
          1,
          null,
          null,
          null,
          1,
          1,
          1,
          1,
          1,
          1,
          null,
          null,
          null,
          null,
          null,
          null,
          null,
          null,
          1,
          null,
          null,
          null
        ]
      },
      "/home/ubuntu/environment/colgate-connections/app/controllers/profiles_controller.rb": {
        "lines": [
          1,
          1,
          1,
          null,
          1,
          16,
          16,
          null,
          null,
          null,
          1,
          5,
          null,
          null,
          1,
          2,
          2,
          1,
          1,
          null,
          1,
          1,
          2,
          null,
          null,
          null,
          null,
          null,
          1,
          7,
          7,
          7,
          null,
          7,
          4,
          null,
          null,
          7,
          4,
          4,
          4,
          null,
          null,
          null,
          4,
          1,
          null,
          null,
          4,
          1,
          null,
          null,
          4,
          1,
          null,
          null,
          null,
          0,
          null,
          null,
          null,
          null,
          null,
          4,
          null,
          null,
          null,
          null,
          1,
          1,
          2,
          null,
          null
        ]
      }
    },
    "timestamp": 1607615847
  }
}
